[debug] [2018-09-10T18:16:02.126Z] ----------------------------------------------------------------------
[debug] [2018-09-10T18:16:02.130Z] Command:       C:\Program Files\nodejs\node.exe C:\Users\Tewann\AppData\Roaming\npm\node_modules\firebase-tools\bin\firebase deploy
[debug] [2018-09-10T18:16:02.131Z] CLI Version:   4.2.0
[debug] [2018-09-10T18:16:02.131Z] Platform:      win32
[debug] [2018-09-10T18:16:02.131Z] Node Version:  v8.11.2
[debug] [2018-09-10T18:16:02.131Z] Time:          Mon Sep 10 2018 20:16:02 GMT+0200 (Paris, Madrid (heure d’été))
[debug] [2018-09-10T18:16:02.131Z] ----------------------------------------------------------------------
[debug] 
[debug] [2018-09-10T18:16:02.134Z] > command requires scopes: ["email","openid","https://www.googleapis.com/auth/cloudplatformprojects.readonly","https://www.googleapis.com/auth/firebase","https://www.googleapis.com/auth/cloud-platform"]
[debug] [2018-09-10T18:16:02.134Z] > authorizing via signed-in user
[debug] [2018-09-10T18:16:02.134Z] > refreshing access token with scopes: ["email","https://www.googleapis.com/auth/cloud-platform","https://www.googleapis.com/auth/cloudplatformprojects.readonly","https://www.googleapis.com/auth/firebase","openid"]
[debug] [2018-09-10T18:16:02.134Z] >>> HTTP REQUEST POST https://www.googleapis.com/oauth2/v3/token  

[debug] [2018-09-10T18:16:02.509Z] <<< HTTP RESPONSE 200
[debug] [2018-09-10T18:16:02.515Z] >>> HTTP REQUEST GET https://admin.firebase.com/v1/projects/eblink-606b5  
 
[debug] [2018-09-10T18:16:03.296Z] <<< HTTP RESPONSE 200
[info] 
[info] === Deploying to 'eblink-606b5'...
[info] 
[info] i  deploying functions
[info] Running command: npm --prefix "%RESOURCE_DIR%" run lint
[info] Running command: npm --prefix "%RESOURCE_DIR%" run build
[info] +  functions: Finished running predeploy script.
[debug] [2018-09-10T18:16:20.089Z] > [functions] package.json contents: {
  "name": "functions",
  "scripts": {
    "lint": "tslint --project tsconfig.json",
    "build": "tsc",
    "serve": "npm run build && firebase serve --only functions",
    "shell": "npm run build && firebase functions:shell",
    "start": "npm run shell",
    "deploy": "firebase deploy --only functions",
    "logs": "firebase functions:log"
  },
  "main": "lib/index.js",
  "dependencies": {
    "firebase-admin": "^5.13.1",
    "firebase-functions": "^2.0.5"
  },
  "devDependencies": {
    "tslint": "~5.8.0",
    "typescript": "~2.8.3"
  },
  "private": true
}
[info] i  functions: ensuring necessary APIs are enabled...
[debug] [2018-09-10T18:16:20.092Z] >>> HTTP REQUEST GET https://servicemanagement.googleapis.com/v1/services/cloudfunctions.googleapis.com/projectSettings/eblink-606b5?view=CONSUMER_VIEW  
 
[debug] [2018-09-10T18:16:20.093Z] >>> HTTP REQUEST GET https://servicemanagement.googleapis.com/v1/services/runtimeconfig.googleapis.com/projectSettings/eblink-606b5?view=CONSUMER_VIEW  
 
[debug] [2018-09-10T18:16:21.571Z] <<< HTTP RESPONSE 200
[debug] [2018-09-10T18:16:21.588Z] <<< HTTP RESPONSE 200
[info] +  functions: all necessary APIs are enabled
[debug] [2018-09-10T18:16:21.591Z] >>> HTTP REQUEST GET https://cloudresourcemanager.googleapis.com/v1/projects/eblink-606b5  
 
[debug] [2018-09-10T18:16:22.534Z] <<< HTTP RESPONSE 200
[debug] [2018-09-10T18:16:22.535Z] >>> HTTP REQUEST GET https://mobilesdk-pa.googleapis.com/v1/projects/137479087118:getServerAppConfig  
 
[debug] [2018-09-10T18:16:22.944Z] <<< HTTP RESPONSE 200
[info] i  functions: preparing functions directory for uploading...
[debug] [2018-09-10T18:16:22.948Z] >>> HTTP REQUEST GET https://runtimeconfig.googleapis.com/v1beta1/projects/eblink-606b5/configs  
 
[debug] [2018-09-10T18:16:23.382Z] <<< HTTP RESPONSE 200
[info] i  functions: packaged functions (52.01 KB) for uploading
[debug] [2018-09-10T18:16:23.897Z] >>> HTTP REQUEST POST https://cloudfunctions.googleapis.com/v1/projects/eblink-606b5/locations/us-central1/functions:generateUploadUrl  
 
[debug] [2018-09-10T18:16:24.427Z] <<< HTTP RESPONSE 200
[debug] [2018-09-10T18:16:24.428Z] >>> HTTP REQUEST PUT https://storage.googleapis.com/gcf-upload-us-central1-c051b08e-08b5-4168-b492-6ea174c3d00a/e4fb70f3-349d-4233-bc7f-f2652a484c81.zip?GoogleAccessId=service-137479087118@gcf-admin-robot.iam.gserviceaccount.com&Expires=1536605182&Signature=V%2FejlJtrsg7hSvhs9ixtDsDJJPntbKgSvg8tp74bRm8vgPidC4O36pZDwcJzzOCxFMwVKvVG1SkSfmJBXJVnnxsG3Us%2Bh5YnLrV8sVH44fAtmmU822YfhBbNKS4N8cv47LRjqE%2F3DKdAde8jonYM%2BcDgFfp9i4cN089gjHpVR3MsUb2BfdzcXEVItpR3C%2BB%2BKb5cKXLT0S4JWgAH%2BHoF%2BqfXlRcX8YZf9uqUcS1cDbqVQjyyyxRgllWGFbXaE%2Be44kvgfZ1CZIlkP7XhMz8pYBERkAUnAcBzgoj77CXDrBUtSCxQ0VYDp5wX%2FiJb29IXyIqqsefkGxU4KZJze15p6w%3D%3D  

[debug] [2018-09-10T18:16:25.533Z] <<< HTTP RESPONSE 200
[info] +  functions: functions folder uploaded successfully
[debug] [2018-09-10T18:16:25.537Z] >>> HTTP REQUEST GET https://cloudfunctions.googleapis.com/v1/projects/eblink-606b5/locations/-/functions  
 
[debug] [2018-09-10T18:16:26.208Z] <<< HTTP RESPONSE 200
[info] i  functions: updating Node.js 6 function messageSendToGroup(us-central1)...
[debug] [2018-09-10T18:16:26.214Z] Trigger is:  {"httpsTrigger":{}}
[info] i  functions: updating Node.js 6 function sendPushNotificationsForNewGroupMessages(us-central1)...
[debug] [2018-09-10T18:16:26.216Z] Trigger is:  {"eventTrigger":{"resource":"projects/eblink-606b5/databases/(default)/documents/Public_Groups/{groups}/Messages/{messages}","eventType":"providers/cloud.firestore/eventTypes/document.create","service":"firestore.googleapis.com"}}
[info] i  functions: updating Node.js 6 function sendPushDataMessageForGroupPhotoURLUpdated(us-central1)...
[debug] [2018-09-10T18:16:26.218Z] Trigger is:  {"eventTrigger":{"resource":"projects/eblink-606b5/databases/(default)/documents/Public_Groups/{groups}","eventType":"providers/cloud.firestore/eventTypes/document.update","service":"firestore.googleapis.com"}}
[info] i  functions: updating Node.js 6 function sendPushNotificationsForNewPrivateGroupMessages(us-central1)...
[debug] [2018-09-10T18:16:26.220Z] Trigger is:  {"eventTrigger":{"resource":"projects/eblink-606b5/databases/(default)/documents/Private_Groups/{groups}/Messages/{messages}","eventType":"providers/cloud.firestore/eventTypes/document.create","service":"firestore.googleapis.com"}}
[info] i  functions: updating Node.js 6 function sendPushDataMessageForPrivateGroupPhotoURLUpdated(us-central1)...
[debug] [2018-09-10T18:16:26.222Z] Trigger is:  {"eventTrigger":{"resource":"projects/eblink-606b5/databases/(default)/documents/Private_Groups/{groups}","eventType":"providers/cloud.firestore/eventTypes/document.update","service":"firestore.googleapis.com"}}
[info] i  functions: updating Node.js 6 function addTokenInformationsWhenNewContact(us-central1)...
[debug] [2018-09-10T18:16:26.224Z] Trigger is:  {"eventTrigger":{"resource":"projects/eblink-606b5/databases/(default)/documents/Private_Groups/{groups}/Members/{members}","eventType":"providers/cloud.firestore/eventTypes/document.create","service":"firestore.googleapis.com"}}
[info] i  functions: updating Node.js 6 function sendPushNotificationsForNewMessages(us-central1)...
[debug] [2018-09-10T18:16:26.226Z] Trigger is:  {"eventTrigger":{"resource":"projects/eblink-606b5/databases/(default)/documents/Users/{user}/messagesReceived/{message}","eventType":"providers/cloud.firestore/eventTypes/document.create","service":"firestore.googleapis.com"}}
[debug] [2018-09-10T18:16:26.229Z] >>> HTTP REQUEST PATCH https://cloudfunctions.googleapis.com/v1/projects/eblink-606b5/locations/us-central1/functions/messageSendToGroup 
query params: {"updateMask":"sourceUploadUrl,name,labels,httpsTrigger"} 

[debug] [2018-09-10T18:16:26.231Z] >>> HTTP REQUEST PATCH https://cloudfunctions.googleapis.com/v1/projects/eblink-606b5/locations/us-central1/functions/sendPushNotificationsForNewGroupMessages 
query params: {"updateMask":"sourceUploadUrl,name,labels,eventTrigger.resource,eventTrigger.eventType,eventTrigger.service"} 

[debug] [2018-09-10T18:16:26.232Z] >>> HTTP REQUEST PATCH https://cloudfunctions.googleapis.com/v1/projects/eblink-606b5/locations/us-central1/functions/sendPushDataMessageForGroupPhotoURLUpdated 
query params: {"updateMask":"sourceUploadUrl,name,labels,eventTrigger.resource,eventTrigger.eventType,eventTrigger.service"} 

[debug] [2018-09-10T18:16:26.233Z] >>> HTTP REQUEST PATCH https://cloudfunctions.googleapis.com/v1/projects/eblink-606b5/locations/us-central1/functions/sendPushNotificationsForNewPrivateGroupMessages 
query params: {"updateMask":"sourceUploadUrl,name,labels,eventTrigger.resource,eventTrigger.eventType,eventTrigger.service"} 

[debug] [2018-09-10T18:16:26.234Z] >>> HTTP REQUEST PATCH https://cloudfunctions.googleapis.com/v1/projects/eblink-606b5/locations/us-central1/functions/sendPushDataMessageForPrivateGroupPhotoURLUpdated 
query params: {"updateMask":"sourceUploadUrl,name,labels,eventTrigger.resource,eventTrigger.eventType,eventTrigger.service"} 

[debug] [2018-09-10T18:16:26.235Z] >>> HTTP REQUEST PATCH https://cloudfunctions.googleapis.com/v1/projects/eblink-606b5/locations/us-central1/functions/addTokenInformationsWhenNewContact 
query params: {"updateMask":"sourceUploadUrl,name,labels,eventTrigger.resource,eventTrigger.eventType,eventTrigger.service"} 

[debug] [2018-09-10T18:16:26.236Z] >>> HTTP REQUEST PATCH https://cloudfunctions.googleapis.com/v1/projects/eblink-606b5/locations/us-central1/functions/sendPushNotificationsForNewMessages 
query params: {"updateMask":"sourceUploadUrl,name,labels,eventTrigger.resource,eventTrigger.eventType,eventTrigger.service"} 

[debug] [2018-09-10T18:16:26.721Z] <<< HTTP RESPONSE 200
[debug] [2018-09-10T18:16:26.732Z] <<< HTTP RESPONSE 200
[debug] [2018-09-10T18:16:26.774Z] <<< HTTP RESPONSE 200
[debug] [2018-09-10T18:16:26.816Z] <<< HTTP RESPONSE 200
[debug] [2018-09-10T18:16:26.820Z] <<< HTTP RESPONSE 200
[debug] [2018-09-10T18:16:26.877Z] <<< HTTP RESPONSE 200
[debug] [2018-09-10T18:16:26.883Z] <<< HTTP RESPONSE 200
[debug] [2018-09-10T18:16:26.886Z] >>> HTTP REQUEST GET https://cloudfunctions.googleapis.com/v1/projects/eblink-606b5/locations/-/functions  
 
[debug] [2018-09-10T18:16:27.580Z] <<< HTTP RESPONSE 200
[debug] [2018-09-10T18:16:27.583Z] >>> HTTP REQUEST GET https://cloudfunctions.googleapis.com/v1/operations/ZWJsaW5rLTYwNmI1L3VzLWNlbnRyYWwxL21lc3NhZ2VTZW5kVG9Hcm91cC96MlR0ZXJ4b1NJRQ  
 
[debug] [2018-09-10T18:16:27.584Z] >>> HTTP REQUEST GET https://cloudfunctions.googleapis.com/v1/operations/ZWJsaW5rLTYwNmI1L3VzLWNlbnRyYWwxL3NlbmRQdXNoTm90aWZpY2F0aW9uc0Zvck5ld0dyb3VwTWVzc2FnZXMvVmVacjI1RjNxU2M  
 
[debug] [2018-09-10T18:16:27.585Z] >>> HTTP REQUEST GET https://cloudfunctions.googleapis.com/v1/operations/ZWJsaW5rLTYwNmI1L3VzLWNlbnRyYWwxL3NlbmRQdXNoRGF0YU1lc3NhZ2VGb3JHcm91cFBob3RvVVJMVXBkYXRlZC94bnVzVlB3V29Kcw  
 
[debug] [2018-09-10T18:16:27.586Z] >>> HTTP REQUEST GET https://cloudfunctions.googleapis.com/v1/operations/ZWJsaW5rLTYwNmI1L3VzLWNlbnRyYWwxL3NlbmRQdXNoTm90aWZpY2F0aW9uc0Zvck5ld1ByaXZhdGVHcm91cE1lc3NhZ2VzL1FkcXpGZXJqU2pz  
 
[debug] [2018-09-10T18:16:27.587Z] >>> HTTP REQUEST GET https://cloudfunctions.googleapis.com/v1/operations/ZWJsaW5rLTYwNmI1L3VzLWNlbnRyYWwxL3NlbmRQdXNoRGF0YU1lc3NhZ2VGb3JQcml2YXRlR3JvdXBQaG90b1VSTFVwZGF0ZWQvZW9NZ2lRMl90TWc  
 
[debug] [2018-09-10T18:16:27.588Z] >>> HTTP REQUEST GET https://cloudfunctions.googleapis.com/v1/operations/ZWJsaW5rLTYwNmI1L3VzLWNlbnRyYWwxL2FkZFRva2VuSW5mb3JtYXRpb25zV2hlbk5ld0NvbnRhY3Qva0xVY3k1NWZsdlU  
 
[debug] [2018-09-10T18:16:27.588Z] >>> HTTP REQUEST GET https://cloudfunctions.googleapis.com/v1/operations/ZWJsaW5rLTYwNmI1L3VzLWNlbnRyYWwxL3NlbmRQdXNoTm90aWZpY2F0aW9uc0Zvck5ld01lc3NhZ2VzLzl2RGVFbEhvV1NZ  
 
[debug] [2018-09-10T18:16:27.936Z] <<< HTTP RESPONSE 200
[debug] [2018-09-10T18:16:27.938Z] <<< HTTP RESPONSE 200
[debug] [2018-09-10T18:16:27.948Z] <<< HTTP RESPONSE 200
[debug] [2018-09-10T18:16:27.951Z] <<< HTTP RESPONSE 200
[debug] [2018-09-10T18:16:27.955Z] <<< HTTP RESPONSE 200
[debug] [2018-09-10T18:16:27.968Z] <<< HTTP RESPONSE 200
[debug] [2018-09-10T18:16:27.986Z] <<< HTTP RESPONSE 200
[debug] [2018-09-10T18:16:29.938Z] >>> HTTP REQUEST GET https://cloudfunctions.googleapis.com/v1/operations/ZWJsaW5rLTYwNmI1L3VzLWNlbnRyYWwxL21lc3NhZ2VTZW5kVG9Hcm91cC96MlR0ZXJ4b1NJRQ  
 
[debug] [2018-09-10T18:16:29.940Z] >>> HTTP REQUEST GET https://cloudfunctions.googleapis.com/v1/operations/ZWJsaW5rLTYwNmI1L3VzLWNlbnRyYWwxL3NlbmRQdXNoTm90aWZpY2F0aW9uc0Zvck5ld0dyb3VwTWVzc2FnZXMvVmVacjI1RjNxU2M  
 
[debug] [2018-09-10T18:16:29.949Z] >>> HTTP REQUEST GET https://cloudfunctions.googleapis.com/v1/operations/ZWJsaW5rLTYwNmI1L3VzLWNlbnRyYWwxL3NlbmRQdXNoTm90aWZpY2F0aW9uc0Zvck5ld01lc3NhZ2VzLzl2RGVFbEhvV1NZ  
 
[debug] [2018-09-10T18:16:29.952Z] >>> HTTP REQUEST GET https://cloudfunctions.googleapis.com/v1/operations/ZWJsaW5rLTYwNmI1L3VzLWNlbnRyYWwxL3NlbmRQdXNoRGF0YU1lc3NhZ2VGb3JQcml2YXRlR3JvdXBQaG90b1VSTFVwZGF0ZWQvZW9NZ2lRMl90TWc  
 
[debug] [2018-09-10T18:16:29.957Z] >>> HTTP REQUEST GET https://cloudfunctions.googleapis.com/v1/operations/ZWJsaW5rLTYwNmI1L3VzLWNlbnRyYWwxL3NlbmRQdXNoRGF0YU1lc3NhZ2VGb3JHcm91cFBob3RvVVJMVXBkYXRlZC94bnVzVlB3V29Kcw  
 
[debug] [2018-09-10T18:16:29.969Z] >>> HTTP REQUEST GET https://cloudfunctions.googleapis.com/v1/operations/ZWJsaW5rLTYwNmI1L3VzLWNlbnRyYWwxL2FkZFRva2VuSW5mb3JtYXRpb25zV2hlbk5ld0NvbnRhY3Qva0xVY3k1NWZsdlU  
 
[debug] [2018-09-10T18:16:29.988Z] >>> HTTP REQUEST GET https://cloudfunctions.googleapis.com/v1/operations/ZWJsaW5rLTYwNmI1L3VzLWNlbnRyYWwxL3NlbmRQdXNoTm90aWZpY2F0aW9uc0Zvck5ld1ByaXZhdGVHcm91cE1lc3NhZ2VzL1FkcXpGZXJqU2pz  
 
[debug] [2018-09-10T18:16:30.263Z] <<< HTTP RESPONSE 200
[debug] [2018-09-10T18:16:30.270Z] <<< HTTP RESPONSE 200
[debug] [2018-09-10T18:16:30.281Z] <<< HTTP RESPONSE 200
[debug] [2018-09-10T18:16:30.286Z] <<< HTTP RESPONSE 200
[debug] [2018-09-10T18:16:30.286Z] <<< HTTP RESPONSE 200
[debug] [2018-09-10T18:16:30.302Z] <<< HTTP RESPONSE 200
[debug] [2018-09-10T18:16:30.316Z] <<< HTTP RESPONSE 200
[debug] [2018-09-10T18:16:32.264Z] >>> HTTP REQUEST GET https://cloudfunctions.googleapis.com/v1/operations/ZWJsaW5rLTYwNmI1L3VzLWNlbnRyYWwxL3NlbmRQdXNoTm90aWZpY2F0aW9uc0Zvck5ld0dyb3VwTWVzc2FnZXMvVmVacjI1RjNxU2M  
 
[debug] [2018-09-10T18:16:32.271Z] >>> HTTP REQUEST GET https://cloudfunctions.googleapis.com/v1/operations/ZWJsaW5rLTYwNmI1L3VzLWNlbnRyYWwxL21lc3NhZ2VTZW5kVG9Hcm91cC96MlR0ZXJ4b1NJRQ  
 
[debug] [2018-09-10T18:16:32.281Z] >>> HTTP REQUEST GET https://cloudfunctions.googleapis.com/v1/operations/ZWJsaW5rLTYwNmI1L3VzLWNlbnRyYWwxL3NlbmRQdXNoRGF0YU1lc3NhZ2VGb3JQcml2YXRlR3JvdXBQaG90b1VSTFVwZGF0ZWQvZW9NZ2lRMl90TWc  
 
[debug] [2018-09-10T18:16:32.288Z] >>> HTTP REQUEST GET https://cloudfunctions.googleapis.com/v1/operations/ZWJsaW5rLTYwNmI1L3VzLWNlbnRyYWwxL3NlbmRQdXNoRGF0YU1lc3NhZ2VGb3JHcm91cFBob3RvVVJMVXBkYXRlZC94bnVzVlB3V29Kcw  
 
[debug] [2018-09-10T18:16:32.288Z] >>> HTTP REQUEST GET https://cloudfunctions.googleapis.com/v1/operations/ZWJsaW5rLTYwNmI1L3VzLWNlbnRyYWwxL3NlbmRQdXNoTm90aWZpY2F0aW9uc0Zvck5ld01lc3NhZ2VzLzl2RGVFbEhvV1NZ  
 
[debug] [2018-09-10T18:16:32.303Z] >>> HTTP REQUEST GET https://cloudfunctions.googleapis.com/v1/operations/ZWJsaW5rLTYwNmI1L3VzLWNlbnRyYWwxL2FkZFRva2VuSW5mb3JtYXRpb25zV2hlbk5ld0NvbnRhY3Qva0xVY3k1NWZsdlU  
 
[debug] [2018-09-10T18:16:32.317Z] >>> HTTP REQUEST GET https://cloudfunctions.googleapis.com/v1/operations/ZWJsaW5rLTYwNmI1L3VzLWNlbnRyYWwxL3NlbmRQdXNoTm90aWZpY2F0aW9uc0Zvck5ld1ByaXZhdGVHcm91cE1lc3NhZ2VzL1FkcXpGZXJqU2pz  
 
[debug] [2018-09-10T18:16:32.583Z] <<< HTTP RESPONSE 200
[debug] [2018-09-10T18:16:32.590Z] <<< HTTP RESPONSE 200
[debug] [2018-09-10T18:16:32.596Z] <<< HTTP RESPONSE 200
[debug] [2018-09-10T18:16:32.605Z] <<< HTTP RESPONSE 200
[debug] [2018-09-10T18:16:32.608Z] <<< HTTP RESPONSE 200
[debug] [2018-09-10T18:16:32.637Z] <<< HTTP RESPONSE 200
[debug] [2018-09-10T18:16:32.638Z] <<< HTTP RESPONSE 200
[debug] [2018-09-10T18:16:34.583Z] >>> HTTP REQUEST GET https://cloudfunctions.googleapis.com/v1/operations/ZWJsaW5rLTYwNmI1L3VzLWNlbnRyYWwxL21lc3NhZ2VTZW5kVG9Hcm91cC96MlR0ZXJ4b1NJRQ  
 
[debug] [2018-09-10T18:16:34.591Z] >>> HTTP REQUEST GET https://cloudfunctions.googleapis.com/v1/operations/ZWJsaW5rLTYwNmI1L3VzLWNlbnRyYWwxL3NlbmRQdXNoTm90aWZpY2F0aW9uc0Zvck5ld0dyb3VwTWVzc2FnZXMvVmVacjI1RjNxU2M  
 
[debug] [2018-09-10T18:16:34.596Z] >>> HTTP REQUEST GET https://cloudfunctions.googleapis.com/v1/operations/ZWJsaW5rLTYwNmI1L3VzLWNlbnRyYWwxL3NlbmRQdXNoRGF0YU1lc3NhZ2VGb3JQcml2YXRlR3JvdXBQaG90b1VSTFVwZGF0ZWQvZW9NZ2lRMl90TWc  
 
[debug] [2018-09-10T18:16:34.605Z] >>> HTTP REQUEST GET https://cloudfunctions.googleapis.com/v1/operations/ZWJsaW5rLTYwNmI1L3VzLWNlbnRyYWwxL3NlbmRQdXNoTm90aWZpY2F0aW9uc0Zvck5ld01lc3NhZ2VzLzl2RGVFbEhvV1NZ  
 
[debug] [2018-09-10T18:16:34.608Z] >>> HTTP REQUEST GET https://cloudfunctions.googleapis.com/v1/operations/ZWJsaW5rLTYwNmI1L3VzLWNlbnRyYWwxL3NlbmRQdXNoRGF0YU1lc3NhZ2VGb3JHcm91cFBob3RvVVJMVXBkYXRlZC94bnVzVlB3V29Kcw  
 
[debug] [2018-09-10T18:16:34.636Z] >>> HTTP REQUEST GET https://cloudfunctions.googleapis.com/v1/operations/ZWJsaW5rLTYwNmI1L3VzLWNlbnRyYWwxL3NlbmRQdXNoTm90aWZpY2F0aW9uc0Zvck5ld1ByaXZhdGVHcm91cE1lc3NhZ2VzL1FkcXpGZXJqU2pz  
 
[debug] [2018-09-10T18:16:34.639Z] >>> HTTP REQUEST GET https://cloudfunctions.googleapis.com/v1/operations/ZWJsaW5rLTYwNmI1L3VzLWNlbnRyYWwxL2FkZFRva2VuSW5mb3JtYXRpb25zV2hlbk5ld0NvbnRhY3Qva0xVY3k1NWZsdlU  
 
[debug] [2018-09-10T18:16:34.897Z] <<< HTTP RESPONSE 200
[debug] [2018-09-10T18:16:34.918Z] <<< HTTP RESPONSE 200
[debug] [2018-09-10T18:16:34.925Z] <<< HTTP RESPONSE 200
[debug] [2018-09-10T18:16:34.929Z] <<< HTTP RESPONSE 200
[debug] [2018-09-10T18:16:34.933Z] <<< HTTP RESPONSE 200
[debug] [2018-09-10T18:16:34.965Z] <<< HTTP RESPONSE 200
[debug] [2018-09-10T18:16:34.978Z] <<< HTTP RESPONSE 200
[debug] [2018-09-10T18:16:36.898Z] >>> HTTP REQUEST GET https://cloudfunctions.googleapis.com/v1/operations/ZWJsaW5rLTYwNmI1L3VzLWNlbnRyYWwxL21lc3NhZ2VTZW5kVG9Hcm91cC96MlR0ZXJ4b1NJRQ  
 
[debug] [2018-09-10T18:16:36.918Z] >>> HTTP REQUEST GET https://cloudfunctions.googleapis.com/v1/operations/ZWJsaW5rLTYwNmI1L3VzLWNlbnRyYWwxL3NlbmRQdXNoTm90aWZpY2F0aW9uc0Zvck5ld0dyb3VwTWVzc2FnZXMvVmVacjI1RjNxU2M  
 
[debug] [2018-09-10T18:16:36.926Z] >>> HTTP REQUEST GET https://cloudfunctions.googleapis.com/v1/operations/ZWJsaW5rLTYwNmI1L3VzLWNlbnRyYWwxL3NlbmRQdXNoRGF0YU1lc3NhZ2VGb3JHcm91cFBob3RvVVJMVXBkYXRlZC94bnVzVlB3V29Kcw  
 
[debug] [2018-09-10T18:16:36.929Z] >>> HTTP REQUEST GET https://cloudfunctions.googleapis.com/v1/operations/ZWJsaW5rLTYwNmI1L3VzLWNlbnRyYWwxL3NlbmRQdXNoRGF0YU1lc3NhZ2VGb3JQcml2YXRlR3JvdXBQaG90b1VSTFVwZGF0ZWQvZW9NZ2lRMl90TWc  
 
[debug] [2018-09-10T18:16:36.933Z] >>> HTTP REQUEST GET https://cloudfunctions.googleapis.com/v1/operations/ZWJsaW5rLTYwNmI1L3VzLWNlbnRyYWwxL3NlbmRQdXNoTm90aWZpY2F0aW9uc0Zvck5ld01lc3NhZ2VzLzl2RGVFbEhvV1NZ  
 
[debug] [2018-09-10T18:16:36.966Z] >>> HTTP REQUEST GET https://cloudfunctions.googleapis.com/v1/operations/ZWJsaW5rLTYwNmI1L3VzLWNlbnRyYWwxL2FkZFRva2VuSW5mb3JtYXRpb25zV2hlbk5ld0NvbnRhY3Qva0xVY3k1NWZsdlU  
 
[debug] [2018-09-10T18:16:36.978Z] >>> HTTP REQUEST GET https://cloudfunctions.googleapis.com/v1/operations/ZWJsaW5rLTYwNmI1L3VzLWNlbnRyYWwxL3NlbmRQdXNoTm90aWZpY2F0aW9uc0Zvck5ld1ByaXZhdGVHcm91cE1lc3NhZ2VzL1FkcXpGZXJqU2pz  
 
[debug] [2018-09-10T18:16:37.225Z] <<< HTTP RESPONSE 200
[debug] [2018-09-10T18:16:37.241Z] <<< HTTP RESPONSE 200
[debug] [2018-09-10T18:16:37.248Z] <<< HTTP RESPONSE 200
[debug] [2018-09-10T18:16:37.250Z] <<< HTTP RESPONSE 200
[debug] [2018-09-10T18:16:37.266Z] <<< HTTP RESPONSE 200
[debug] [2018-09-10T18:16:37.284Z] <<< HTTP RESPONSE 200
[debug] [2018-09-10T18:16:37.324Z] <<< HTTP RESPONSE 200
[debug] [2018-09-10T18:16:39.226Z] >>> HTTP REQUEST GET https://cloudfunctions.googleapis.com/v1/operations/ZWJsaW5rLTYwNmI1L3VzLWNlbnRyYWwxL21lc3NhZ2VTZW5kVG9Hcm91cC96MlR0ZXJ4b1NJRQ  
 
[debug] [2018-09-10T18:16:39.243Z] >>> HTTP REQUEST GET https://cloudfunctions.googleapis.com/v1/operations/ZWJsaW5rLTYwNmI1L3VzLWNlbnRyYWwxL3NlbmRQdXNoRGF0YU1lc3NhZ2VGb3JQcml2YXRlR3JvdXBQaG90b1VSTFVwZGF0ZWQvZW9NZ2lRMl90TWc  
 
[debug] [2018-09-10T18:16:39.250Z] >>> HTTP REQUEST GET https://cloudfunctions.googleapis.com/v1/operations/ZWJsaW5rLTYwNmI1L3VzLWNlbnRyYWwxL3NlbmRQdXNoRGF0YU1lc3NhZ2VGb3JHcm91cFBob3RvVVJMVXBkYXRlZC94bnVzVlB3V29Kcw  
 
[debug] [2018-09-10T18:16:39.251Z] >>> HTTP REQUEST GET https://cloudfunctions.googleapis.com/v1/operations/ZWJsaW5rLTYwNmI1L3VzLWNlbnRyYWwxL3NlbmRQdXNoTm90aWZpY2F0aW9uc0Zvck5ld0dyb3VwTWVzc2FnZXMvVmVacjI1RjNxU2M  
 
[debug] [2018-09-10T18:16:39.268Z] >>> HTTP REQUEST GET https://cloudfunctions.googleapis.com/v1/operations/ZWJsaW5rLTYwNmI1L3VzLWNlbnRyYWwxL3NlbmRQdXNoTm90aWZpY2F0aW9uc0Zvck5ld01lc3NhZ2VzLzl2RGVFbEhvV1NZ  
 
[debug] [2018-09-10T18:16:39.285Z] >>> HTTP REQUEST GET https://cloudfunctions.googleapis.com/v1/operations/ZWJsaW5rLTYwNmI1L3VzLWNlbnRyYWwxL2FkZFRva2VuSW5mb3JtYXRpb25zV2hlbk5ld0NvbnRhY3Qva0xVY3k1NWZsdlU  
 
[debug] [2018-09-10T18:16:39.325Z] >>> HTTP REQUEST GET https://cloudfunctions.googleapis.com/v1/operations/ZWJsaW5rLTYwNmI1L3VzLWNlbnRyYWwxL3NlbmRQdXNoTm90aWZpY2F0aW9uc0Zvck5ld1ByaXZhdGVHcm91cE1lc3NhZ2VzL1FkcXpGZXJqU2pz  
 
[debug] [2018-09-10T18:16:39.544Z] <<< HTTP RESPONSE 200
[debug] [2018-09-10T18:16:39.556Z] <<< HTTP RESPONSE 200
[debug] [2018-09-10T18:16:39.570Z] <<< HTTP RESPONSE 200
[debug] [2018-09-10T18:16:39.572Z] <<< HTTP RESPONSE 200
[debug] [2018-09-10T18:16:39.587Z] <<< HTTP RESPONSE 200
[info] +  functions[sendPushNotificationsForNewGroupMessages(us-central1)]: Successful update operation. 
[debug] [2018-09-10T18:16:39.614Z] <<< HTTP RESPONSE 200
[info] +  functions[addTokenInformationsWhenNewContact(us-central1)]: Successful update operation. 
[debug] [2018-09-10T18:16:39.654Z] <<< HTTP RESPONSE 200
[debug] [2018-09-10T18:16:41.546Z] >>> HTTP REQUEST GET https://cloudfunctions.googleapis.com/v1/operations/ZWJsaW5rLTYwNmI1L3VzLWNlbnRyYWwxL21lc3NhZ2VTZW5kVG9Hcm91cC96MlR0ZXJ4b1NJRQ  
 
[debug] [2018-09-10T18:16:41.557Z] >>> HTTP REQUEST GET https://cloudfunctions.googleapis.com/v1/operations/ZWJsaW5rLTYwNmI1L3VzLWNlbnRyYWwxL3NlbmRQdXNoRGF0YU1lc3NhZ2VGb3JQcml2YXRlR3JvdXBQaG90b1VSTFVwZGF0ZWQvZW9NZ2lRMl90TWc  
 
[debug] [2018-09-10T18:16:41.572Z] >>> HTTP REQUEST GET https://cloudfunctions.googleapis.com/v1/operations/ZWJsaW5rLTYwNmI1L3VzLWNlbnRyYWwxL3NlbmRQdXNoTm90aWZpY2F0aW9uc0Zvck5ld01lc3NhZ2VzLzl2RGVFbEhvV1NZ  
 
[debug] [2018-09-10T18:16:41.572Z] >>> HTTP REQUEST GET https://cloudfunctions.googleapis.com/v1/operations/ZWJsaW5rLTYwNmI1L3VzLWNlbnRyYWwxL3NlbmRQdXNoRGF0YU1lc3NhZ2VGb3JHcm91cFBob3RvVVJMVXBkYXRlZC94bnVzVlB3V29Kcw  
 
[debug] [2018-09-10T18:16:41.655Z] >>> HTTP REQUEST GET https://cloudfunctions.googleapis.com/v1/operations/ZWJsaW5rLTYwNmI1L3VzLWNlbnRyYWwxL3NlbmRQdXNoTm90aWZpY2F0aW9uc0Zvck5ld1ByaXZhdGVHcm91cE1lc3NhZ2VzL1FkcXpGZXJqU2pz  
 
[debug] [2018-09-10T18:16:41.851Z] <<< HTTP RESPONSE 200
[debug] [2018-09-10T18:16:41.871Z] <<< HTTP RESPONSE 200
[debug] [2018-09-10T18:16:41.899Z] <<< HTTP RESPONSE 200
[debug] [2018-09-10T18:16:41.910Z] <<< HTTP RESPONSE 200
[info] +  functions[sendPushNotificationsForNewMessages(us-central1)]: Successful update operation. 
[debug] [2018-09-10T18:16:41.963Z] <<< HTTP RESPONSE 200
[debug] [2018-09-10T18:16:43.853Z] >>> HTTP REQUEST GET https://cloudfunctions.googleapis.com/v1/operations/ZWJsaW5rLTYwNmI1L3VzLWNlbnRyYWwxL21lc3NhZ2VTZW5kVG9Hcm91cC96MlR0ZXJ4b1NJRQ  
 
[debug] [2018-09-10T18:16:43.871Z] >>> HTTP REQUEST GET https://cloudfunctions.googleapis.com/v1/operations/ZWJsaW5rLTYwNmI1L3VzLWNlbnRyYWwxL3NlbmRQdXNoRGF0YU1lc3NhZ2VGb3JQcml2YXRlR3JvdXBQaG90b1VSTFVwZGF0ZWQvZW9NZ2lRMl90TWc  
 
[debug] [2018-09-10T18:16:43.901Z] >>> HTTP REQUEST GET https://cloudfunctions.googleapis.com/v1/operations/ZWJsaW5rLTYwNmI1L3VzLWNlbnRyYWwxL3NlbmRQdXNoRGF0YU1lc3NhZ2VGb3JHcm91cFBob3RvVVJMVXBkYXRlZC94bnVzVlB3V29Kcw  
 
[debug] [2018-09-10T18:16:43.963Z] >>> HTTP REQUEST GET https://cloudfunctions.googleapis.com/v1/operations/ZWJsaW5rLTYwNmI1L3VzLWNlbnRyYWwxL3NlbmRQdXNoTm90aWZpY2F0aW9uc0Zvck5ld1ByaXZhdGVHcm91cE1lc3NhZ2VzL1FkcXpGZXJqU2pz  
 
[debug] [2018-09-10T18:16:44.192Z] <<< HTTP RESPONSE 200
[debug] [2018-09-10T18:16:44.199Z] <<< HTTP RESPONSE 200
[debug] [2018-09-10T18:16:44.229Z] <<< HTTP RESPONSE 200
[info] +  functions[sendPushDataMessageForGroupPhotoURLUpdated(us-central1)]: Successful update operation. 
[debug] [2018-09-10T18:16:44.294Z] <<< HTTP RESPONSE 200
[debug] [2018-09-10T18:16:46.193Z] >>> HTTP REQUEST GET https://cloudfunctions.googleapis.com/v1/operations/ZWJsaW5rLTYwNmI1L3VzLWNlbnRyYWwxL21lc3NhZ2VTZW5kVG9Hcm91cC96MlR0ZXJ4b1NJRQ  
 
[debug] [2018-09-10T18:16:46.200Z] >>> HTTP REQUEST GET https://cloudfunctions.googleapis.com/v1/operations/ZWJsaW5rLTYwNmI1L3VzLWNlbnRyYWwxL3NlbmRQdXNoRGF0YU1lc3NhZ2VGb3JQcml2YXRlR3JvdXBQaG90b1VSTFVwZGF0ZWQvZW9NZ2lRMl90TWc  
 
[debug] [2018-09-10T18:16:46.296Z] >>> HTTP REQUEST GET https://cloudfunctions.googleapis.com/v1/operations/ZWJsaW5rLTYwNmI1L3VzLWNlbnRyYWwxL3NlbmRQdXNoTm90aWZpY2F0aW9uc0Zvck5ld1ByaXZhdGVHcm91cE1lc3NhZ2VzL1FkcXpGZXJqU2pz  
 
[debug] [2018-09-10T18:16:46.504Z] <<< HTTP RESPONSE 200
[debug] [2018-09-10T18:16:46.512Z] <<< HTTP RESPONSE 200
[debug] [2018-09-10T18:16:46.616Z] <<< HTTP RESPONSE 200
[debug] [2018-09-10T18:16:48.505Z] >>> HTTP REQUEST GET https://cloudfunctions.googleapis.com/v1/operations/ZWJsaW5rLTYwNmI1L3VzLWNlbnRyYWwxL3NlbmRQdXNoRGF0YU1lc3NhZ2VGb3JQcml2YXRlR3JvdXBQaG90b1VSTFVwZGF0ZWQvZW9NZ2lRMl90TWc  
 
[debug] [2018-09-10T18:16:48.513Z] >>> HTTP REQUEST GET https://cloudfunctions.googleapis.com/v1/operations/ZWJsaW5rLTYwNmI1L3VzLWNlbnRyYWwxL21lc3NhZ2VTZW5kVG9Hcm91cC96MlR0ZXJ4b1NJRQ  
 
[debug] [2018-09-10T18:16:48.617Z] >>> HTTP REQUEST GET https://cloudfunctions.googleapis.com/v1/operations/ZWJsaW5rLTYwNmI1L3VzLWNlbnRyYWwxL3NlbmRQdXNoTm90aWZpY2F0aW9uc0Zvck5ld1ByaXZhdGVHcm91cE1lc3NhZ2VzL1FkcXpGZXJqU2pz  
 
[debug] [2018-09-10T18:16:48.820Z] <<< HTTP RESPONSE 200
[debug] [2018-09-10T18:16:48.820Z] <<< HTTP RESPONSE 200
[debug] [2018-09-10T18:16:48.944Z] <<< HTTP RESPONSE 200
[debug] [2018-09-10T18:16:50.822Z] >>> HTTP REQUEST GET https://cloudfunctions.googleapis.com/v1/operations/ZWJsaW5rLTYwNmI1L3VzLWNlbnRyYWwxL21lc3NhZ2VTZW5kVG9Hcm91cC96MlR0ZXJ4b1NJRQ  
 
[debug] [2018-09-10T18:16:50.822Z] >>> HTTP REQUEST GET https://cloudfunctions.googleapis.com/v1/operations/ZWJsaW5rLTYwNmI1L3VzLWNlbnRyYWwxL3NlbmRQdXNoRGF0YU1lc3NhZ2VGb3JQcml2YXRlR3JvdXBQaG90b1VSTFVwZGF0ZWQvZW9NZ2lRMl90TWc  
 
[debug] [2018-09-10T18:16:50.946Z] >>> HTTP REQUEST GET https://cloudfunctions.googleapis.com/v1/operations/ZWJsaW5rLTYwNmI1L3VzLWNlbnRyYWwxL3NlbmRQdXNoTm90aWZpY2F0aW9uc0Zvck5ld1ByaXZhdGVHcm91cE1lc3NhZ2VzL1FkcXpGZXJqU2pz  
 
[debug] [2018-09-10T18:16:51.139Z] <<< HTTP RESPONSE 200
[debug] [2018-09-10T18:16:51.147Z] <<< HTTP RESPONSE 200
[debug] [2018-09-10T18:16:51.275Z] <<< HTTP RESPONSE 200
[debug] [2018-09-10T18:16:53.140Z] >>> HTTP REQUEST GET https://cloudfunctions.googleapis.com/v1/operations/ZWJsaW5rLTYwNmI1L3VzLWNlbnRyYWwxL21lc3NhZ2VTZW5kVG9Hcm91cC96MlR0ZXJ4b1NJRQ  
 
[debug] [2018-09-10T18:16:53.148Z] >>> HTTP REQUEST GET https://cloudfunctions.googleapis.com/v1/operations/ZWJsaW5rLTYwNmI1L3VzLWNlbnRyYWwxL3NlbmRQdXNoRGF0YU1lc3NhZ2VGb3JQcml2YXRlR3JvdXBQaG90b1VSTFVwZGF0ZWQvZW9NZ2lRMl90TWc  
 
